[2026-07-13T03:11:47.202Z] [ERROR] Error creating OTP:
Meta: Please wait 60 seconds before requesting a new OTP
[2026-07-14T08:39:04.055Z] [ERROR] Email transporter verification failed:
Error: getaddrinfo ENOTFOUND smtp.gmail.com
Stack: Error: getaddrinfo ENOTFOUND smtp.gmail.com
    at GetAddrInfoReqWrap.onlookupall [as oncomplete] (node:dns:122:26)
[2026-07-16T09:49:14.674Z] [ERROR] Email transporter verification failed:
Error: getaddrinfo ENOTFOUND smtp.gmail.com
Stack: Error: getaddrinfo ENOTFOUND smtp.gmail.com
    at GetAddrInfoReqWrap.onlookupall [as oncomplete] (node:dns:122:26)
[2026-07-17T08:18:02.591Z] [ERROR] Email send error executing sendMail:
Error: read ECONNRESET
Stack: Error: read ECONNRESET
    at TLSWrap.onStreamRead (node:internal/stream_base_commons:216:20)
[2026-07-17T08:18:02.779Z] [ERROR] Template email send error:
Meta: read ECONNRESET
[2026-07-17T08:18:02.876Z] [ERROR] OTP email send error:
Meta: read ECONNRESET
[2026-07-17T08:31:13.672Z] [ERROR] Email send error executing sendMail:
Error: read ECONNRESET
Stack: Error: read ECONNRESET
    at TLSWrap.onStreamRead (node:internal/stream_base_commons:216:20)
[2026-07-17T08:31:13.672Z] [ERROR] Template email send error:
Meta: read ECONNRESET
[2026-07-17T08:31:13.673Z] [ERROR] OTP email send error:
Meta: read ECONNRESET
[2026-07-17T08:56:13.698Z] [ERROR] Auth middleware error:
Error: getaddrinfo ENOTFOUND ac-5dwxcnl-shard-00-00.ywnco6c.mongodb.net
Stack: MongoServerSelectionError: getaddrinfo ENOTFOUND ac-5dwxcnl-shard-00-00.ywnco6c.mongodb.net
    at Topology.selectServer (D:\CharityConnect\Backend\node_modules\mongodb\lib\sdam\topology.js:348:38)
    at runNextTicks (node:internal/process/task_queues:64:5)
    at process.processTimers (node:internal/timers:538:9)
    at async executeOperationWithRetries (D:\CharityConnect\Backend\node_modules\mongodb\lib\operations\execute_operation.js:157:18)
    at async executeOperation (D:\CharityConnect\Backend\node_modules\mongodb\lib\operations\execute_operation.js:83:16)
    at async FindCursor._initialize (D:\CharityConnect\Backend\node_modules\mongodb\lib\cursor\find_cursor.js:62:26)
    at async FindCursor.cursorInit (D:\CharityConnect\Backend\node_modules\mongodb\lib\cursor\abstract_cursor.js:620:27)
    at async FindCursor.fetchBatch (D:\CharityConnect\Backend\node_modules\mongodb\lib\cursor\abstract_cursor.js:654:13)
    at async FindCursor.next (D:\CharityConnect\Backend\node_modules\mongodb\lib\cursor\abstract_cursor.js:326:17)
    at async Collection.findOne (D:\CharityConnect\Backend\node_modules\mongodb\lib\collection.js:313:24)
[2026-07-17T18:15:07.394Z] [ERROR] Failed to create email transporter:
Error: instance is not defined
Stack: ReferenceError: instance is not defined
    at createTransporter (D:\CharityConnect\Backend\config\mailConfig.js:36:5)
    at Object.<anonymous> (D:\CharityConnect\Backend\config\mailConfig.js:52:21)
    at Module._compile (node:internal/modules/cjs/loader:1761:14)
    at Object..js (node:internal/modules/cjs/loader:1893:10)
    at Module.load (node:internal/modules/cjs/loader:1481:32)
    at Module._load (node:internal/modules/cjs/loader:1300:12)
    at TracingChannel.traceSync (node:diagnostics_channel:328:14)
    at wrapModuleLoad (node:internal/modules/cjs/loader:245:24)
    at Module.require (node:internal/modules/cjs/loader:1504:12)
    at require (node:internal/modules/helpers:152:16)
